<?xml version="1.0" encoding="UTF-8"?>
<!-- Generated by org.testng.reporters.JUnitXMLReporter -->
<testsuite ignored="0" hostname="DESKTOP-QM2K19H" failures="0" tests="2" name="Test-chrome" time="8.358" errors="0" timestamp="2025-07-26T13:56:07 IST">
  <testcase classname="testCase.TC001_Verify_AccountRegistration" name="Account_Regi" time="2.277"/>
  <testcase classname="testCase.TC002_LoginTest" name="Verify_login_functionality" time="1.466"/>
</testsuite> <!-- Test-chrome -->
