<?xml version="1.0" encoding="UTF-8"?>
<!-- Generated by org.testng.reporters.JUnitReportReporter -->
<testsuite hostname="DESKTOP-QM2K19H" failures="0" tests="2" name="testCase.TC001_Verify_AccountRegistration" time="5.063" errors="0" timestamp="2025-07-26T13:56:07 IST" skipped="0">
  <testcase classname="testCase.TC001_Verify_AccountRegistration" name="Account_Regi" time="2.786"/>
  <testcase classname="testCase.TC001_Verify_AccountRegistration" name="Account_Regi" time="2.277"/>
</testsuite> <!-- testCase.TC001_Verify_AccountRegistration -->
