<?xml version="1.0" encoding="UTF-8"?>
<!-- Generated by org.testng.reporters.JUnitReportReporter -->
<testsuite hostname="DESKTOP-QM2K19H" failures="0" tests="2" name="testCase.TC002_LoginTest" time="3.092" errors="0" timestamp="2025-07-26T13:56:07 IST" skipped="0">
  <testcase classname="testCase.TC002_LoginTest" name="Verify_login_functionality" time="1.626"/>
  <testcase classname="testCase.TC002_LoginTest" name="Verify_login_functionality" time="1.466"/>
</testsuite> <!-- testCase.TC002_LoginTest -->
