<?xml version="1.0" encoding="UTF-8"?>
<!-- Generated by org.testng.reporters.JUnitReportReporter -->
<testsuite hostname="DESKTOP-QM2K19H" failures="0" tests="1" name="testCase.TC001_Verify_AccountRegistration" time="2.636" errors="0" timestamp="2025-07-26T22:52:09 IST" skipped="0">
  <testcase classname="testCase.TC001_Verify_AccountRegistration" name="Account_Regi" time="2.636"/>
</testsuite> <!-- testCase.TC001_Verify_AccountRegistration -->
